#
# A fatal error has been detected by the Java Runtime Environment:
#
#  EXCEPTION_UNCAUGHT_CXX_EXCEPTION (0xe06d7363) at pc=0x00007ffff206a839, pid=1320, tid=0x0000000000000c80
#
# JRE version: Java(TM) SE Runtime Environment (8.0_151-b12) (build 1.8.0_151-b12)
# Java VM: Java HotSpot(TM) 64-Bit Server VM (25.151-b12 mixed mode windows-amd64 compressed oops)
# Problematic frame:
# C  [KERNELBASE.dll+0x3a839]
#
# Failed to write core dump. Minidumps are not enabled by default on client versions of Windows
#
# If you would like to submit a bug report, please visit:
#   http://bugreport.java.com/bugreport/crash.jsp
# The crash happened outside the Java Virtual Machine in native code.
# See problematic frame for where to report the bug.
#

---------------  T H R E A D  ---------------

Current thread (0x000000001ef8a800):  JavaThread "Thread-5" [_thread_in_native, id=3200, stack(0x0000000020a50000,0x0000000020b50000)]

siginfo: ExceptionCode=0xe06d7363, ExceptionInformation=0x0000000019930520 0x0000000020b3ecb0 0x00007fffd2a4cd78 0x00007fffd2800000 

Registers:
RAX=0x0000000000000000, RBX=0x00007fffd2a4cd78, RCX=0x0000000000000000, RDX=0x0000000000000000
RSP=0x0000000020b3eb20, RBP=0x0000000020b3ec60, RSI=0x00007fffd2691238, RDI=0x0000000020b3ecb0
R8 =0x0000000000000000, R9 =0x0000000000000000, R10=0x0000000000000000, R11=0x0000000000000000
R12=0x00000000ffffff29, R13=0x0000000000000000, R14=0x00007fffd2690b80, R15=0x0000000020b4ee50
RIP=0x00007ffff206a839, EFLAGS=0x0000000000000206

Top of Stack: (sp=0x0000000020b3eb20)
0x0000000020b3eb20:   0000000000000000 00007fffd2a4cd78
0x0000000020b3eb30:   00007fffd2691238 0000000000000000
0x0000000020b3eb40:   00000001e06d7363 0000000000000000
0x0000000020b3eb50:   00007ffff206a839 0000000000000004
0x0000000020b3eb60:   0000000019930520 0000000020b3ecb0
0x0000000020b3eb70:   00007fffd2a4cd78 00007fffd2800000
0x0000000020b3eb80:   0000000000000000 00000000ffffff29
0x0000000020b3eb90:   00007fffd2691238 0000000020b3ec60
0x0000000020b3eba0:   0000000020b3ec70 00007ffff503f49f
0x0000000020b3ebb0:   0000000020b3ecb0 00007fff00000000
0x0000000020b3ebc0:   0000000020b3ecb0 00007fffdb81d306
0x0000000020b3ebd0:   00007fffd2a6f000 00007fffd2800000
0x0000000020b3ebe0:   00005a3649765a58 00007fffdb89c4d0
0x0000000020b3ebf0:   00007fffd2a4cd78 00007fffdb81ef63
0x0000000020b3ec00:   0000000020b3ecb0 00007fffdb7eeb8d
0x0000000020b3ec10:   00007fffdb89c4d0 00007fffd2691238 

Instructions: (pc=0x00007ffff206a839)
0x00007ffff206a819:   8b d1 44 0f 47 c0 44 89 44 24 38 49 c1 e0 03 e8
0x00007ffff206a829:   7a 4c 05 00 48 8d 4c 24 20 48 ff 15 af bf 16 00
0x00007ffff206a839:   0f 1f 44 00 00 48 8b 8c 24 c0 00 00 00 48 33 cc
0x00007ffff206a849:   e8 92 ee 04 00 48 81 c4 d8 00 00 00 c3 83 64 24 


Register to memory mapping:

RAX=0x0000000000000000 is an unknown value
RBX=0x00007fffd2a4cd78 is an unknown value
RCX=0x0000000000000000 is an unknown value
RDX=0x0000000000000000 is an unknown value
RSP=0x0000000020b3eb20 is pointing into the stack for thread: 0x000000001ef8a800
RBP=0x0000000020b3ec60 is pointing into the stack for thread: 0x000000001ef8a800
RSI=0x00007fffd2691238 is an unknown value
RDI=0x0000000020b3ecb0 is pointing into the stack for thread: 0x000000001ef8a800
R8 =0x0000000000000000 is an unknown value
R9 =0x0000000000000000 is an unknown value
R10=0x0000000000000000 is an unknown value
R11=0x0000000000000000 is an unknown value
R12=0x00000000ffffff29 is an unallocated location in the heap
R13=0x0000000000000000 is an unknown value
R14=0x00007fffd2690b80 is an unknown value
R15=0x0000000020b4ee50 is pointing into the stack for thread: 0x000000001ef8a800


Stack: [0x0000000020a50000,0x0000000020b50000],  sp=0x0000000020b3eb20,  free space=954k
Native frames: (J=compiled Java code, j=interpreted, Vv=VM code, C=native code)
C  [KERNELBASE.dll+0x3a839]
C  [msvcr120.dll+0x5ef63]
C  [opencv_core320.dll+0x1a2c34]
C  [opencv_core320.dll+0x1a2d76]
C  [opencv_imgproc320.dll+0x46c7a]
C  0x00007fffd63be52d
C  0x0000000002c67f74

Java frames: (J=compiled Java code, j=interpreted, Vv=VM code)
j  org.bytedeco.javacpp.opencv_imgproc.cvCvtColor(Lorg/bytedeco/javacpp/helper/opencv_core$CvArr;Lorg/bytedeco/javacpp/helper/opencv_core$CvArr;I)V+0
j  application.FaceDetector.run()V+321
j  java.lang.Thread.run()V+11
v  ~StubRoutines::call_stub

---------------  P R O C E S S  ---------------

Java Threads: ( => current thread )
=>0x000000001ef8a800 JavaThread "Thread-5" [_thread_in_native, id=3200, stack(0x0000000020a50000,0x0000000020b50000)]
  0x000000001ef88800 JavaThread "Prism Font Disposer" daemon [_thread_blocked, id=1900, stack(0x0000000025260000,0x0000000025360000)]
  0x00000000172ac000 JavaThread "AWT-Windows" daemon [_thread_in_native, id=16892, stack(0x0000000020750000,0x0000000020850000)]
  0x000000001efc8000 JavaThread "Java2D Disposer" daemon [_thread_blocked, id=5280, stack(0x0000000020550000,0x0000000020650000)]
  0x000000001f7e3000 JavaThread "JavaCPP Deallocator" daemon [_thread_blocked, id=2376, stack(0x00000000200e0000,0x00000000201e0000)]
  0x0000000017168000 JavaThread "JavaFX-Launcher" [_thread_blocked, id=2924, stack(0x000000001ee10000,0x000000001ef10000)]
  0x0000000017170800 JavaThread "Thread-2" daemon [_thread_in_native, id=18960, stack(0x000000001ed10000,0x000000001ee10000)]
  0x000000001718d800 JavaThread "JavaFX Application Thread" [_thread_in_native, id=20088, stack(0x0000000017fc0000,0x00000000180c0000)]
  0x0000000017191800 JavaThread "Thread-1" daemon [_thread_blocked, id=1888, stack(0x0000000017ec0000,0x0000000017fc0000)]
  0x00000000170d7000 JavaThread "QuantumRenderer-0" daemon [_thread_blocked, id=8644, stack(0x0000000017bd0000,0x0000000017cd0000)]
  0x0000000016e12800 JavaThread "Service Thread" daemon [_thread_blocked, id=2160, stack(0x0000000017850000,0x0000000017950000)]
  0x0000000016d5d000 JavaThread "C1 CompilerThread2" daemon [_thread_blocked, id=9648, stack(0x0000000017750000,0x0000000017850000)]
  0x0000000016cfd000 JavaThread "C2 CompilerThread1" daemon [_thread_blocked, id=9104, stack(0x0000000017650000,0x0000000017750000)]
  0x0000000016c89800 JavaThread "C2 CompilerThread0" daemon [_thread_blocked, id=19600, stack(0x0000000017550000,0x0000000017650000)]
  0x0000000016c4d800 JavaThread "Monitor Ctrl-Break" daemon [_thread_in_native, id=4256, stack(0x0000000017450000,0x0000000017550000)]
  0x00000000151d8000 JavaThread "Attach Listener" daemon [_thread_blocked, id=4368, stack(0x0000000016750000,0x0000000016850000)]
  0x00000000151d7000 JavaThread "Signal Dispatcher" daemon [_thread_blocked, id=15220, stack(0x0000000016650000,0x0000000016750000)]
  0x0000000002a8e000 JavaThread "Finalizer" daemon [_thread_blocked, id=10260, stack(0x0000000016430000,0x0000000016530000)]
  0x0000000015199800 JavaThread "Reference Handler" daemon [_thread_blocked, id=13256, stack(0x0000000016330000,0x0000000016430000)]
  0x0000000002999000 JavaThread "main" [_thread_blocked, id=9376, stack(0x0000000002890000,0x0000000002990000)]

Other Threads:
  0x0000000015198000 VMThread [stack: 0x0000000016230000,0x0000000016330000] [id=10448]
  0x0000000016e1d000 WatcherThread [stack: 0x0000000017950000,0x0000000017a50000] [id=12388]

VM state:not at safepoint (normal execution)

VM Mutex/Monitor currently owned by a thread: None

Heap:
 PSYoungGen      total 80384K, used 54147K [0x00000000eb600000, 0x00000000f1900000, 0x0000000100000000)
  eden space 65024K, 81% used [0x00000000eb600000,0x00000000ee994e68,0x00000000ef580000)
  from space 15360K, 8% used [0x00000000ef580000,0x00000000ef6cc010,0x00000000f0480000)
  to   space 14848K, 0% used [0x00000000f0a80000,0x00000000f0a80000,0x00000000f1900000)
 ParOldGen       total 69120K, used 53552K [0x00000000c2200000, 0x00000000c6580000, 0x00000000eb600000)
  object space 69120K, 77% used [0x00000000c2200000,0x00000000c564c1f8,0x00000000c6580000)
 Metaspace       used 28076K, capacity 29188K, committed 29312K, reserved 1075200K
  class space    used 3636K, capacity 3919K, committed 3968K, reserved 1048576K

Card table byte_map: [0x0000000012010000,0x0000000012200000] byte_map_base: 0x00000000119ff000

Marking Bits: (ParMarkBitMap*) 0x000000005cdad850
 Begin Bits: [0x0000000012750000, 0x00000000136c8000)
 End Bits:   [0x00000000136c8000, 0x0000000014640000)

Polling page: 0x0000000002790000

CodeCache: size=245760Kb used=13038Kb max_used=13038Kb free=232721Kb
 bounds [0x0000000002c50000, 0x0000000003920000, 0x0000000011c50000]
 total_blobs=4866 nmethods=3964 adapters=813
 compilation: enabled

Compilation events (10 events):
Event: 83.666 Thread 0x0000000016d5d000 nmethod 4423 0x00000000039046d0 code [0x0000000003904820, 0x0000000003904950]
Event: 83.683 Thread 0x0000000016d5d000 4424       3       java.util.concurrent.LinkedBlockingQueue$Node::<init> (10 bytes)
Event: 83.684 Thread 0x0000000016d5d000 nmethod 4424 0x0000000003904310 code [0x0000000003904460, 0x0000000003904630]
Event: 83.734 Thread 0x0000000016d5d000 4425       3       com.sun.scenario.effect.impl.state.BoxRenderState::getResultTransform (5 bytes)
Event: 83.734 Thread 0x0000000016d5d000 nmethod 4425 0x0000000003903fd0 code [0x0000000003904120, 0x0000000003904270]
Event: 83.734 Thread 0x0000000016d5d000 4426       3       com.sun.scenario.effect.impl.state.BoxRenderState::getInputClip (47 bytes)
Event: 83.735 Thread 0x0000000016d5d000 nmethod 4426 0x0000000003905b50 code [0x0000000003905d00, 0x00000000039061e8]
Event: 83.735 Thread 0x0000000016d5d000 4427       3       com.sun.scenario.effect.InvertMask$1::getInputClip (43 bytes)
Event: 83.735 Thread 0x0000000016d5d000 nmethod 4427 0x0000000003905390 code [0x0000000003905520, 0x0000000003905928]
Event: 83.735 Thread 0x0000000016d5d000 4428       3       com.sun.scenario.effect.InvertMask::filterImageDatas (12 bytes)

GC Heap History (10 events):
Event: 78.318 GC heap before
{Heap before GC invocations=22 (full 1):
 PSYoungGen      total 64512K, used 51731K [0x00000000eb600000, 0x00000000f0700000, 0x0000000100000000)
  eden space 48128K, 99% used [0x00000000eb600000,0x00000000ee4d8e40,0x00000000ee500000)
  from space 16384K, 22% used [0x00000000ef700000,0x00000000efaac030,0x00000000f0700000)
  to   space 17408K, 0% used [0x00000000ee500000,0x00000000ee500000,0x00000000ef600000)
 ParOldGen       total 69120K, used 52296K [0x00000000c2200000, 0x00000000c6580000, 0x00000000eb600000)
  object space 69120K, 75% used [0x00000000c2200000,0x00000000c55121e8,0x00000000c6580000)
 Metaspace       used 27943K, capacity 29048K, committed 29312K, reserved 1075200K
  class space    used 3636K, capacity 3919K, committed 3968K, reserved 1048576K
Event: 78.321 GC heap after
Heap after GC invocations=22 (full 1):
 PSYoungGen      total 65536K, used 4960K [0x00000000eb600000, 0x00000000f0e80000, 0x0000000100000000)
  eden space 48128K, 0% used [0x00000000eb600000,0x00000000eb600000,0x00000000ee500000)
  from space 17408K, 28% used [0x00000000ee500000,0x00000000ee9d8040,0x00000000ef600000)
  to   space 16384K, 0% used [0x00000000efe80000,0x00000000efe80000,0x00000000f0e80000)
 ParOldGen       total 69120K, used 52320K [0x00000000c2200000, 0x00000000c6580000, 0x00000000eb600000)
  object space 69120K, 75% used [0x00000000c2200000,0x00000000c55181e8,0x00000000c6580000)
 Metaspace       used 27943K, capacity 29048K, committed 29312K, reserved 1075200K
  class space    used 3636K, capacity 3919K, committed 3968K, reserved 1048576K
}
Event: 79.691 GC heap before
{Heap before GC invocations=23 (full 1):
 PSYoungGen      total 65536K, used 52957K [0x00000000eb600000, 0x00000000f0e80000, 0x0000000100000000)
  eden space 48128K, 99% used [0x00000000eb600000,0x00000000ee4df3f0,0x00000000ee500000)
  from space 17408K, 28% used [0x00000000ee500000,0x00000000ee9d8040,0x00000000ef600000)
  to   space 16384K, 0% used [0x00000000efe80000,0x00000000efe80000,0x00000000f0e80000)
 ParOldGen       total 69120K, used 52320K [0x00000000c2200000, 0x00000000c6580000, 0x00000000eb600000)
  object space 69120K, 75% used [0x00000000c2200000,0x00000000c55181e8,0x00000000c6580000)
 Metaspace       used 27972K, capacity 29048K, committed 29312K, reserved 1075200K
  class space    used 3636K, capacity 3919K, committed 3968K, reserved 1048576K
Event: 79.694 GC heap after
Heap after GC invocations=23 (full 1):
 PSYoungGen      total 71168K, used 3728K [0x00000000eb600000, 0x00000000f0c80000, 0x0000000100000000)
  eden space 56832K, 0% used [0x00000000eb600000,0x00000000eb600000,0x00000000eed80000)
  from space 14336K, 26% used [0x00000000efe80000,0x00000000f0224030,0x00000000f0c80000)
  to   space 15872K, 0% used [0x00000000eed80000,0x00000000eed80000,0x00000000efd00000)
 ParOldGen       total 69120K, used 52328K [0x00000000c2200000, 0x00000000c6580000, 0x00000000eb600000)
  object space 69120K, 75% used [0x00000000c2200000,0x00000000c551a1e8,0x00000000c6580000)
 Metaspace       used 27972K, capacity 29048K, committed 29312K, reserved 1075200K
  class space    used 3636K, capacity 3919K, committed 3968K, reserved 1048576K
}
Event: 80.762 GC heap before
{Heap before GC invocations=24 (full 1):
 PSYoungGen      total 71168K, used 59929K [0x00000000eb600000, 0x00000000f0c80000, 0x0000000100000000)
  eden space 56832K, 98% used [0x00000000eb600000,0x00000000eece24b0,0x00000000eed80000)
  from space 14336K, 26% used [0x00000000efe80000,0x00000000f0224030,0x00000000f0c80000)
  to   space 15872K, 0% used [0x00000000eed80000,0x00000000eed80000,0x00000000efd00000)
 ParOldGen       total 69120K, used 52328K [0x00000000c2200000, 0x00000000c6580000, 0x00000000eb600000)
  object space 69120K, 75% used [0x00000000c2200000,0x00000000c551a1e8,0x00000000c6580000)
 Metaspace       used 27986K, capacity 29112K, committed 29312K, reserved 1075200K
  class space    used 3636K, capacity 3919K, committed 3968K, reserved 1048576K
Event: 80.764 GC heap after
Heap after GC invocations=24 (full 1):
 PSYoungGen      total 72704K, used 1360K [0x00000000eb600000, 0x00000000f1500000, 0x0000000100000000)
  eden space 56832K, 0% used [0x00000000eb600000,0x00000000eb600000,0x00000000eed80000)
  from space 15872K, 8% used [0x00000000eed80000,0x00000000eeed4010,0x00000000efd00000)
  to   space 15872K, 0% used [0x00000000f0580000,0x00000000f0580000,0x00000000f1500000)
 ParOldGen       total 69120K, used 52336K [0x00000000c2200000, 0x00000000c6580000, 0x00000000eb600000)
  object space 69120K, 75% used [0x00000000c2200000,0x00000000c551c1e8,0x00000000c6580000)
 Metaspace       used 27986K, capacity 29112K, committed 29312K, reserved 1075200K
  class space    used 3636K, capacity 3919K, committed 3968K, reserved 1048576K
}
Event: 81.820 GC heap before
{Heap before GC invocations=25 (full 1):
 PSYoungGen      total 72704K, used 57684K [0x00000000eb600000, 0x00000000f1500000, 0x0000000100000000)
  eden space 56832K, 99% used [0x00000000eb600000,0x00000000eed01210,0x00000000eed80000)
  from space 15872K, 8% used [0x00000000eed80000,0x00000000eeed4010,0x00000000efd00000)
  to   space 15872K, 0% used [0x00000000f0580000,0x00000000f0580000,0x00000000f1500000)
 ParOldGen       total 69120K, used 52336K [0x00000000c2200000, 0x00000000c6580000, 0x00000000eb600000)
  object space 69120K, 75% used [0x00000000c2200000,0x00000000c551c1e8,0x00000000c6580000)
 Metaspace       used 28013K, capacity 29124K, committed 29312K, reserved 1075200K
  class space    used 3636K, capacity 3919K, committed 3968K, reserved 1048576K
Event: 81.823 GC heap after
Heap after GC invocations=25 (full 1):
 PSYoungGen      total 79360K, used 4960K [0x00000000eb600000, 0x00000000f1380000, 0x0000000100000000)
  eden space 65024K, 0% used [0x00000000eb600000,0x00000000eb600000,0x00000000ef580000)
  from space 14336K, 34% used [0x00000000f0580000,0x00000000f0a58040,0x00000000f1380000)
  to   space 15360K, 0% used [0x00000000ef580000,0x00000000ef580000,0x00000000f0480000)
 ParOldGen       total 69120K, used 52344K [0x00000000c2200000, 0x00000000c6580000, 0x00000000eb600000)
  object space 69120K, 75% used [0x00000000c2200000,0x00000000c551e1e8,0x00000000c6580000)
 Metaspace       used 28013K, capacity 29124K, committed 29312K, reserved 1075200K
  class space    used 3636K, capacity 3919K, committed 3968K, reserved 1048576K
}
Event: 82.834 GC heap before
{Heap before GC invocations=26 (full 1):
 PSYoungGen      total 79360K, used 69939K [0x00000000eb600000, 0x00000000f1380000, 0x0000000100000000)
  eden space 65024K, 99% used [0x00000000eb600000,0x00000000ef574f30,0x00000000ef580000)
  from space 14336K, 34% used [0x00000000f0580000,0x00000000f0a58040,0x00000000f1380000)
  to   space 15360K, 0% used [0x00000000ef580000,0x00000000ef580000,0x00000000f0480000)
 ParOldGen       total 69120K, used 53544K [0x00000000c2200000, 0x00000000c6580000, 0x00000000eb600000)
  object space 69120K, 77% used [0x00000000c2200000,0x00000000c564a1f8,0x00000000c6580000)
 Metaspace       used 28032K, capacity 29188K, committed 29312K, reserved 1075200K
  class space    used 3636K, capacity 3919K, committed 3968K, reserved 1048576K
Event: 82.836 GC heap after
Heap after GC invocations=26 (full 1):
 PSYoungGen      total 80384K, used 1328K [0x00000000eb600000, 0x00000000f1900000, 0x0000000100000000)
  eden space 65024K, 0% used [0x00000000eb600000,0x00000000eb600000,0x00000000ef580000)
  from space 15360K, 8% used [0x00000000ef580000,0x00000000ef6cc010,0x00000000f0480000)
  to   space 14848K, 0% used [0x00000000f0a80000,0x00000000f0a80000,0x00000000f1900000)
 ParOldGen       total 69120K, used 53552K [0x00000000c2200000, 0x00000000c6580000, 0x00000000eb600000)
  object space 69120K, 77% used [0x00000000c2200000,0x00000000c564c1f8,0x00000000c6580000)
 Metaspace       used 28032K, capacity 29188K, committed 29312K, reserved 1075200K
  class space    used 3636K, capacity 3919K, committed 3968K, reserved 1048576K
}

Deoptimization events (10 events):
Event: 72.079 Thread 0x00000000170d7000 Uncommon trap: reason=unstable_if action=reinterpret pc=0x00000000036d9b4c method=com.sun.prism.d3d.D3DTextureResource.isValid()Z @ 4
Event: 72.947 Thread 0x00000000170d7000 Uncommon trap: reason=unstable_if action=reinterpret pc=0x000000000366697c method=com.sun.prism.d3d.D3DTextureResource.isValid()Z @ 4
Event: 73.627 Thread 0x000000001ef8a800 Uncommon trap: reason=unstable_if action=reinterpret pc=0x00000000031f5464 method=org.bytedeco.javacv.Java2DFrameConverter.flipCopyWithGamma(Ljava/nio/ByteBuffer;ILjava/nio/ByteBuffer;IZDZI)V @ 50
Event: 73.633 Thread 0x000000001718d800 Uncommon trap: reason=class_check action=maybe_recompile pc=0x0000000003516ea4 method=javafx.scene.Node.updateLocalToParentTransform()V @ 11
Event: 73.688 Thread 0x000000001ef8a800 Uncommon trap: reason=unstable_if action=reinterpret pc=0x000000000348eac8 method=com.sun.javafx.image.impl.IntTo4ByteSameConverter.doConvert([III[BIIII)V @ 29
Event: 73.810 Thread 0x00000000170d7000 Uncommon trap: reason=class_check action=maybe_recompile pc=0x00000000032f22f8 method=java.util.concurrent.ConcurrentHashMap.putVal(Ljava/lang/Object;Ljava/lang/Object;Z)Ljava/lang/Object; @ 192
Event: 74.401 Thread 0x00000000170d7000 Uncommon trap: reason=class_check action=maybe_recompile pc=0x00000000032f22f8 method=java.util.concurrent.ConcurrentHashMap.putVal(Ljava/lang/Object;Ljava/lang/Object;Z)Ljava/lang/Object; @ 192
Event: 74.406 Thread 0x00000000170d7000 Uncommon trap: reason=null_check action=make_not_entrant pc=0x00000000035e1298 method=com.sun.prism.impl.BaseResourcePool$WeakLinkedList.getResource()Lcom/sun/prism/impl/ManagedResource; @ 7
Event: 74.406 Thread 0x00000000170d7000 Uncommon trap: reason=unstable_if action=reinterpret pc=0x000000000377b37c method=com.sun.prism.impl.ManagedResource._isgone(Lcom/sun/prism/impl/ManagedResource;)Z @ 1
Event: 75.120 Thread 0x00000000170d7000 Uncommon trap: reason=class_check action=maybe_recompile pc=0x00000000032f22f8 method=java.util.concurrent.ConcurrentHashMap.putVal(Ljava/lang/Object;Ljava/lang/Object;Z)Ljava/lang/Object; @ 192

Internal exceptions (10 events):
Event: 70.788 Thread 0x000000001718d800 Exception <a 'java/security/PrivilegedActionException'> (0x00000000ebec6578) thrown at [C:\re\workspace\8-2-build-windows-amd64-cygwin\jdk8u151\9699\hotspot\src\share\vm\prims\jvm.cpp, line 1390]
Event: 71.548 Thread 0x000000001718d800 Exception <a 'java/net/SocketException': Socket closed> (0x00000000ec947380) thrown at [C:\re\workspace\8-2-build-windows-amd64-cygwin\jdk8u151\9699\hotspot\src\share\vm\prims\jni.cpp, line 735]
Event: 71.593 Thread 0x000000001718d800 Exception <a 'java/lang/reflect/InvocationTargetException'> (0x00000000ec9902d8) thrown at [C:\re\workspace\8-2-build-windows-amd64-cygwin\jdk8u151\9699\hotspot\src\share\vm\runtime\reflection.cpp, line 1092]
Event: 71.593 Thread 0x000000001718d800 Exception <a 'java/net/SocketException': Socket closed> (0x00000000ec990900) thrown at [C:\re\workspace\8-2-build-windows-amd64-cygwin\jdk8u151\9699\hotspot\src\share\vm\prims\jni.cpp, line 735]
Event: 71.596 Thread 0x000000001718d800 Exception <a 'java/lang/reflect/InvocationTargetException'> (0x00000000ec9a7030) thrown at [C:\re\workspace\8-2-build-windows-amd64-cygwin\jdk8u151\9699\hotspot\src\share\vm\runtime\reflection.cpp, line 1092]
Event: 72.079 Thread 0x00000000170d7000 Implicit null exception at 0x000000000368cfc3 to 0x000000000368e779
Event: 72.079 Thread 0x00000000170d7000 Implicit null exception at 0x00000000036d9ad4 to 0x00000000036d9b39
Event: 72.947 Thread 0x00000000170d7000 Implicit null exception at 0x0000000003666910 to 0x0000000003666969
Event: 74.406 Thread 0x00000000170d7000 Implicit null exception at 0x00000000035e1254 to 0x00000000035e128d
Event: 74.406 Thread 0x00000000170d7000 Implicit null exception at 0x000000000377b2ec to 0x000000000377b36d

Events (10 events):
Event: 81.208 Thread 0x0000000016d5d000 flushing nmethod 0x00000000035f4490
Event: 81.208 Thread 0x0000000016d5d000 flushing nmethod 0x000000000368c690
Event: 81.208 Thread 0x0000000016d5d000 flushing nmethod 0x00000000036a6d50
Event: 81.209 Thread 0x0000000016d5d000 flushing nmethod 0x00000000036d9950
Event: 81.819 Executing VM operation: ParallelGCFailedAllocation
Event: 81.823 Executing VM operation: ParallelGCFailedAllocation done
Event: 82.833 Executing VM operation: ParallelGCFailedAllocation
Event: 82.833 Executing VM operation: ParallelGCFailedAllocation done
Event: 82.833 Executing VM operation: ParallelGCSystemGC
Event: 82.836 Executing VM operation: ParallelGCSystemGC done


Dynamic libraries:
0x00007ff7a0760000 - 0x00007ff7a0797000 	C:\Program Files\Java\jdk1.8.0_151\bin\java.exe
0x00007ffff5020000 - 0x00007ffff5210000 	C:\WINDOWS\SYSTEM32\ntdll.dll
0x00007ffff4ae0000 - 0x00007ffff4b92000 	C:\WINDOWS\System32\KERNEL32.DLL
0x00007ffff2030000 - 0x00007ffff22d3000 	C:\WINDOWS\System32\KERNELBASE.dll
0x00007ffff47a0000 - 0x00007ffff4843000 	C:\WINDOWS\System32\ADVAPI32.dll
0x00007ffff4850000 - 0x00007ffff48ee000 	C:\WINDOWS\System32\msvcrt.dll
0x00007ffff3270000 - 0x00007ffff3307000 	C:\WINDOWS\System32\sechost.dll
0x00007ffff4ba0000 - 0x00007ffff4cc0000 	C:\WINDOWS\System32\RPCRT4.dll
0x00007ffff30d0000 - 0x00007ffff3264000 	C:\WINDOWS\System32\USER32.dll
0x00007ffff23e0000 - 0x00007ffff2401000 	C:\WINDOWS\System32\win32u.dll
0x00007ffff4210000 - 0x00007ffff4236000 	C:\WINDOWS\System32\GDI32.dll
0x00007ffff2460000 - 0x00007ffff25f4000 	C:\WINDOWS\System32\gdi32full.dll
0x00007ffff2f80000 - 0x00007ffff301e000 	C:\WINDOWS\System32\msvcp_win.dll
0x00007ffff22e0000 - 0x00007ffff23da000 	C:\WINDOWS\System32\ucrtbase.dll
0x00007fffde9f0000 - 0x00007fffdec75000 	C:\WINDOWS\WinSxS\amd64_microsoft.windows.common-controls_6595b64144ccf1df_6.0.18362.476_none_e6c4b11b130f2595\COMCTL32.dll
0x00007ffff3580000 - 0x00007ffff38b6000 	C:\WINDOWS\System32\combase.dll
0x00007ffff1fb0000 - 0x00007ffff2030000 	C:\WINDOWS\System32\bcryptPrimitives.dll
0x00007ffff4fb0000 - 0x00007ffff4fde000 	C:\WINDOWS\System32\IMM32.DLL
0x000000005db00000 - 0x000000005dbd2000 	C:\Program Files\Java\jdk1.8.0_151\jre\bin\msvcr100.dll
0x000000005c590000 - 0x000000005ce2d000 	C:\Program Files\Java\jdk1.8.0_151\jre\bin\server\jvm.dll
0x00007ffff4a20000 - 0x00007ffff4a28000 	C:\WINDOWS\System32\PSAPI.DLL
0x00007fffefc30000 - 0x00007fffefc54000 	C:\WINDOWS\SYSTEM32\WINMM.dll
0x00007fffe5e60000 - 0x00007fffe5e6a000 	C:\WINDOWS\SYSTEM32\VERSION.dll
0x00007fffccab0000 - 0x00007fffccab9000 	C:\WINDOWS\SYSTEM32\WSOCK32.dll
0x00007fffefb60000 - 0x00007fffefb8d000 	C:\WINDOWS\SYSTEM32\WINMMBASE.dll
0x00007ffff4f40000 - 0x00007ffff4faf000 	C:\WINDOWS\System32\WS2_32.dll
0x00007ffff2de0000 - 0x00007ffff2e2a000 	C:\WINDOWS\System32\cfgmgr32.dll
0x000000005daf0000 - 0x000000005daff000 	C:\Program Files\Java\jdk1.8.0_151\jre\bin\verify.dll
0x000000005dac0000 - 0x000000005dae9000 	C:\Program Files\Java\jdk1.8.0_151\jre\bin\java.dll
0x000000005da30000 - 0x000000005da53000 	C:\Program Files\Java\jdk1.8.0_151\jre\bin\instrument.dll
0x000000005daa0000 - 0x000000005dab6000 	C:\Program Files\Java\jdk1.8.0_151\jre\bin\zip.dll
0x00007ffff3960000 - 0x00007ffff4045000 	C:\WINDOWS\System32\SHELL32.dll
0x00007ffff3310000 - 0x00007ffff33b9000 	C:\WINDOWS\System32\shcore.dll
0x00007ffff2660000 - 0x00007ffff2dde000 	C:\WINDOWS\System32\windows.storage.dll
0x00007ffff1f20000 - 0x00007ffff1f3f000 	C:\WINDOWS\System32\profapi.dll
0x00007ffff1f60000 - 0x00007ffff1faa000 	C:\WINDOWS\System32\powrprof.dll
0x00007ffff1ef0000 - 0x00007ffff1f00000 	C:\WINDOWS\System32\UMPDC.dll
0x00007ffff42c0000 - 0x00007ffff4312000 	C:\WINDOWS\System32\shlwapi.dll
0x00007ffff1f00000 - 0x00007ffff1f11000 	C:\WINDOWS\System32\kernel.appcore.dll
0x00007ffff2410000 - 0x00007ffff2427000 	C:\WINDOWS\System32\cryptsp.dll
0x00007fffddd10000 - 0x00007fffddd2a000 	C:\Program Files\JetBrains\IntelliJ IDEA 2018.2.5\bin\breakgen64.dll
0x000000005da80000 - 0x000000005da9a000 	C:\Program Files\Java\jdk1.8.0_151\jre\bin\net.dll
0x00007ffff1700000 - 0x00007ffff1767000 	C:\WINDOWS\system32\mswsock.dll
0x0000000002830000 - 0x0000000002833000 	C:\Program Files\Java\jdk1.8.0_151\jre\bin\api-ms-win-core-console-l1-1-0.dll
0x0000000002840000 - 0x0000000002843000 	C:\Program Files\Java\jdk1.8.0_151\jre\bin\api-ms-win-core-datetime-l1-1-0.dll
0x0000000002850000 - 0x0000000002853000 	C:\Program Files\Java\jdk1.8.0_151\jre\bin\api-ms-win-core-debug-l1-1-0.dll
0x0000000002860000 - 0x0000000002863000 	C:\Program Files\Java\jdk1.8.0_151\jre\bin\api-ms-win-core-errorhandling-l1-1-0.dll
0x0000000002870000 - 0x0000000002874000 	C:\Program Files\Java\jdk1.8.0_151\jre\bin\api-ms-win-core-file-l1-1-0.dll
0x0000000002a90000 - 0x0000000002a93000 	C:\Program Files\Java\jdk1.8.0_151\jre\bin\api-ms-win-core-file-l1-2-0.dll
0x0000000002aa0000 - 0x0000000002aa3000 	C:\Program Files\Java\jdk1.8.0_151\jre\bin\api-ms-win-core-file-l2-1-0.dll
0x0000000002ab0000 - 0x0000000002ab3000 	C:\Program Files\Java\jdk1.8.0_151\jre\bin\api-ms-win-core-handle-l1-1-0.dll
0x0000000002ac0000 - 0x0000000002ac3000 	C:\Program Files\Java\jdk1.8.0_151\jre\bin\api-ms-win-core-heap-l1-1-0.dll
0x0000000002ad0000 - 0x0000000002ad3000 	C:\Program Files\Java\jdk1.8.0_151\jre\bin\api-ms-win-core-interlocked-l1-1-0.dll
0x0000000002ae0000 - 0x0000000002ae3000 	C:\Program Files\Java\jdk1.8.0_151\jre\bin\api-ms-win-core-libraryloader-l1-1-0.dll
0x0000000002af0000 - 0x0000000002af3000 	C:\Program Files\Java\jdk1.8.0_151\jre\bin\api-ms-win-core-localization-l1-2-0.dll
0x0000000002b00000 - 0x0000000002b03000 	C:\Program Files\Java\jdk1.8.0_151\jre\bin\api-ms-win-core-memory-l1-1-0.dll
0x0000000002b10000 - 0x0000000002b13000 	C:\Program Files\Java\jdk1.8.0_151\jre\bin\api-ms-win-core-namedpipe-l1-1-0.dll
0x0000000002b20000 - 0x0000000002b23000 	C:\Program Files\Java\jdk1.8.0_151\jre\bin\api-ms-win-core-processenvironment-l1-1-0.dll
0x0000000002b30000 - 0x0000000002b33000 	C:\Program Files\Java\jdk1.8.0_151\jre\bin\api-ms-win-core-processthreads-l1-1-0.dll
0x0000000017a50000 - 0x0000000017a53000 	C:\Program Files\Java\jdk1.8.0_151\jre\bin\api-ms-win-core-processthreads-l1-1-1.dll
0x0000000017a60000 - 0x0000000017a63000 	C:\Program Files\Java\jdk1.8.0_151\jre\bin\api-ms-win-core-profile-l1-1-0.dll
0x0000000017a70000 - 0x0000000017a73000 	C:\Program Files\Java\jdk1.8.0_151\jre\bin\api-ms-win-core-rtlsupport-l1-1-0.dll
0x0000000017a80000 - 0x0000000017a83000 	C:\Program Files\Java\jdk1.8.0_151\jre\bin\api-ms-win-core-string-l1-1-0.dll
0x0000000017a90000 - 0x0000000017a93000 	C:\Program Files\Java\jdk1.8.0_151\jre\bin\api-ms-win-core-synch-l1-1-0.dll
0x0000000017aa0000 - 0x0000000017aa3000 	C:\Program Files\Java\jdk1.8.0_151\jre\bin\api-ms-win-core-synch-l1-2-0.dll
0x0000000017ab0000 - 0x0000000017ab3000 	C:\Program Files\Java\jdk1.8.0_151\jre\bin\api-ms-win-core-sysinfo-l1-1-0.dll
0x0000000017ac0000 - 0x0000000017ac3000 	C:\Program Files\Java\jdk1.8.0_151\jre\bin\api-ms-win-core-timezone-l1-1-0.dll
0x0000000017ad0000 - 0x0000000017ad3000 	C:\Program Files\Java\jdk1.8.0_151\jre\bin\api-ms-win-core-util-l1-1-0.dll
0x0000000017ae0000 - 0x0000000017ae3000 	C:\Program Files\Java\jdk1.8.0_151\jre\bin\api-ms-win-crt-conio-l1-1-0.dll
0x0000000017af0000 - 0x0000000017af4000 	C:\Program Files\Java\jdk1.8.0_151\jre\bin\api-ms-win-crt-convert-l1-1-0.dll
0x0000000017b00000 - 0x0000000017b03000 	C:\Program Files\Java\jdk1.8.0_151\jre\bin\api-ms-win-crt-environment-l1-1-0.dll
0x0000000017b10000 - 0x0000000017b13000 	C:\Program Files\Java\jdk1.8.0_151\jre\bin\api-ms-win-crt-filesystem-l1-1-0.dll
0x0000000017b20000 - 0x0000000017b23000 	C:\Program Files\Java\jdk1.8.0_151\jre\bin\api-ms-win-crt-heap-l1-1-0.dll
0x0000000017b30000 - 0x0000000017b33000 	C:\Program Files\Java\jdk1.8.0_151\jre\bin\api-ms-win-crt-locale-l1-1-0.dll
0x0000000017b40000 - 0x0000000017b45000 	C:\Program Files\Java\jdk1.8.0_151\jre\bin\api-ms-win-crt-math-l1-1-0.dll
0x0000000017b50000 - 0x0000000017b55000 	C:\Program Files\Java\jdk1.8.0_151\jre\bin\api-ms-win-crt-multibyte-l1-1-0.dll
0x0000000017b60000 - 0x0000000017b70000 	C:\Program Files\Java\jdk1.8.0_151\jre\bin\api-ms-win-crt-private-l1-1-0.dll
0x0000000017b70000 - 0x0000000017b73000 	C:\Program Files\Java\jdk1.8.0_151\jre\bin\api-ms-win-crt-process-l1-1-0.dll
0x0000000017b80000 - 0x0000000017b84000 	C:\Program Files\Java\jdk1.8.0_151\jre\bin\api-ms-win-crt-runtime-l1-1-0.dll
0x0000000017b90000 - 0x0000000017b94000 	C:\Program Files\Java\jdk1.8.0_151\jre\bin\api-ms-win-crt-stdio-l1-1-0.dll
0x0000000017ba0000 - 0x0000000017ba4000 	C:\Program Files\Java\jdk1.8.0_151\jre\bin\api-ms-win-crt-string-l1-1-0.dll
0x0000000017bb0000 - 0x0000000017bb3000 	C:\Program Files\Java\jdk1.8.0_151\jre\bin\api-ms-win-crt-time-l1-1-0.dll
0x0000000017bc0000 - 0x0000000017bc3000 	C:\Program Files\Java\jdk1.8.0_151\jre\bin\api-ms-win-crt-utility-l1-1-0.dll
0x00007fffdd760000 - 0x00007fffdd856000 	C:\Program Files\Java\jdk1.8.0_151\jre\bin\ucrtbase.dll
0x00007fffdbb80000 - 0x00007fffdbbd1000 	C:\Program Files\Java\jdk1.8.0_151\jre\bin\concrt140.dll
0x00007fffded10000 - 0x00007fffdedb7000 	C:\WINDOWS\SYSTEM32\MSVCP140.dll
0x00007fffdf910000 - 0x00007fffdf926000 	C:\WINDOWS\SYSTEM32\VCRUNTIME140.dll
0x00007fffdd740000 - 0x00007fffdd756000 	C:\Program Files\Java\jdk1.8.0_151\jre\bin\vcruntime140.dll
0x00007fffdbae0000 - 0x00007fffdbb7c000 	C:\Program Files\Java\jdk1.8.0_151\jre\bin\msvcp140.dll
0x000000005da00000 - 0x000000005da23000 	C:\Program Files\Java\jdk1.8.0_151\jre\bin\prism_d3d.dll
0x00007fffdb8b0000 - 0x00007fffdba77000 	C:\WINDOWS\system32\d3d9.dll
0x00007ffff0450000 - 0x00007ffff047d000 	C:\WINDOWS\SYSTEM32\dwmapi.dll
0x00007ffff0b60000 - 0x00007ffff0b80000 	C:\WINDOWS\SYSTEM32\dxcore.dll
0x00007fffefe70000 - 0x00007fffeff09000 	C:\WINDOWS\system32\uxtheme.dll
0x00007fffd4fa0000 - 0x00007fffd5177000 	C:\WINDOWS\System32\DriverStore\FileRepository\igdlh64.inf_amd64_7948ecc1af5c27e1\igdumdim64.dll
0x00007fff75f20000 - 0x00007fff78f1d000 	C:\WINDOWS\System32\DriverStore\FileRepository\igdlh64.inf_amd64_7948ecc1af5c27e1\igd9dxva64.dll
0x00007ffff3420000 - 0x00007ffff3576000 	C:\WINDOWS\System32\ole32.dll
0x00007ffff4cc0000 - 0x00007ffff4d84000 	C:\WINDOWS\System32\OLEAUT32.dll
0x000000005d9b0000 - 0x000000005d9f9000 	C:\Program Files\Java\jdk1.8.0_151\jre\bin\glass.dll
0x00007ffff4950000 - 0x00007ffff4a20000 	C:\WINDOWS\System32\COMDLG32.dll
0x00007ffff40d0000 - 0x00007ffff4206000 	C:\WINDOWS\System32\MSCTF.dll
0x00007fffe6670000 - 0x00007fffe8405000 	C:\WINDOWS\System32\DriverStore\FileRepository\igdlh64.inf_amd64_7948ecc1af5c27e1\igc64.dll
0x00007fffdb7c0000 - 0x00007fffdb8af000 	C:\Users\ALEXANDER\.javacpp\cache\opencv-3.2.0-1.3-windows-x86_64.jar\org\bytedeco\javacpp\windows-x86_64\msvcr120.dll
0x00007fffdb420000 - 0x00007fffdb4c6000 	C:\Users\ALEXANDER\.javacpp\cache\opencv-3.2.0-1.3-windows-x86_64.jar\org\bytedeco\javacpp\windows-x86_64\msvcp120.dll
0x00007fffd2800000 - 0x00007fffd2a88000 	C:\Users\ALEXANDER\.javacpp\cache\opencv-3.2.0-1.3-windows-x86_64.jar\org\bytedeco\javacpp\windows-x86_64\opencv_core320.dll
0x00007fffd2490000 - 0x00007fffd27f2000 	C:\Users\ALEXANDER\.javacpp\cache\opencv-3.2.0-1.3-windows-x86_64.jar\org\bytedeco\javacpp\windows-x86_64\opencv_imgproc320.dll
0x00007fffd2240000 - 0x00007fffd248a000 	C:\Users\ALEXANDER\.javacpp\cache\opencv-3.2.0-1.3-windows-x86_64.jar\org\bytedeco\javacpp\windows-x86_64\jniopencv_core.dll
0x000000005da60000 - 0x000000005da71000 	C:\Program Files\Java\jdk1.8.0_151\jre\bin\nio.dll
0x000000005d810000 - 0x000000005d9a8000 	C:\Program Files\Java\jdk1.8.0_151\jre\bin\awt.dll
0x00007fffefb90000 - 0x00007fffefc1f000 	C:\WINDOWS\SYSTEM32\apphelp.dll
0x000000005c190000 - 0x000000005c1a4000 	C:\Program Files\Java\jdk1.8.0_151\jre\bin\javafx_font.dll
0x00007fffe1d40000 - 0x00007fffe203e000 	C:\WINDOWS\SYSTEM32\dwrite.dll
0x00007ffff4a30000 - 0x00007ffff4ad2000 	C:\WINDOWS\System32\clbcatq.dll
0x00007fffec9f0000 - 0x00007fffecb9f000 	C:\WINDOWS\SYSTEM32\WindowsCodecs.dll
0x00007fffbcc30000 - 0x00007fffbcc6a000 	C:\WINDOWS\system32\dataexchange.dll
0x00007fffeebe0000 - 0x00007fffeee3b000 	C:\WINDOWS\system32\d3d11.dll
0x00007fffef2a0000 - 0x00007fffef47b000 	C:\WINDOWS\system32\dcomp.dll
0x00007ffff0bf0000 - 0x00007ffff0cdb000 	C:\WINDOWS\system32\dxgi.dll
0x00007fffeff30000 - 0x00007ffff018a000 	C:\WINDOWS\system32\twinapi.appcore.dll
0x00007ffff0360000 - 0x00007ffff0389000 	C:\WINDOWS\system32\RMCLIENT.dll
0x00007fffdf310000 - 0x00007fffdf343000 	C:\Program Files\Common Files\Microsoft Shared\Ink\rtscom.dll
0x000000005c160000 - 0x000000005c183000 	C:\Program Files\Java\jdk1.8.0_151\jre\bin\javafx_iio.dll
0x000000005c140000 - 0x000000005c152000 	C:\Program Files\Java\jdk1.8.0_151\jre\bin\prism_common.dll
0x00007fffee620000 - 0x00007fffeebe0000 	C:\WINDOWS\SYSTEM32\d2d1.dll
0x00007fff96280000 - 0x00007fff969c1000 	C:\WINDOWS\SYSTEM32\D3D10Warp.dll
0x00007fffe3fe0000 - 0x00007fffe407e000 	C:\WINDOWS\System32\TextInputFramework.dll
0x00007fffef880000 - 0x00007fffef954000 	C:\WINDOWS\System32\CoreMessaging.dll
0x00007fffecc00000 - 0x00007fffecf2a000 	C:\WINDOWS\System32\CoreUIComponents.dll

VM Arguments:
jvm_args: -javaagent:C:\Program Files\JetBrains\IntelliJ IDEA 2018.2.5\lib\idea_rt.jar=64159:C:\Program Files\JetBrains\IntelliJ IDEA 2018.2.5\bin -Dfile.encoding=UTF-8 
java_command: application.Main
java_class_path (initial): C:\Program Files\Java\jdk1.8.0_151\jre\lib\charsets.jar;C:\Program Files\Java\jdk1.8.0_151\jre\lib\deploy.jar;C:\Program Files\Java\jdk1.8.0_151\jre\lib\ext\access-bridge-64.jar;C:\Program Files\Java\jdk1.8.0_151\jre\lib\ext\cldrdata.jar;C:\Program Files\Java\jdk1.8.0_151\jre\lib\ext\dnsns.jar;C:\Program Files\Java\jdk1.8.0_151\jre\lib\ext\jaccess.jar;C:\Program Files\Java\jdk1.8.0_151\jre\lib\ext\jfxrt.jar;C:\Program Files\Java\jdk1.8.0_151\jre\lib\ext\localedata.jar;C:\Program Files\Java\jdk1.8.0_151\jre\lib\ext\nashorn.jar;C:\Program Files\Java\jdk1.8.0_151\jre\lib\ext\sunec.jar;C:\Program Files\Java\jdk1.8.0_151\jre\lib\ext\sunjce_provider.jar;C:\Program Files\Java\jdk1.8.0_151\jre\lib\ext\sunmscapi.jar;C:\Program Files\Java\jdk1.8.0_151\jre\lib\ext\sunpkcs11.jar;C:\Program Files\Java\jdk1.8.0_151\jre\lib\ext\zipfs.jar;C:\Program Files\Java\jdk1.8.0_151\jre\lib\javaws.jar;C:\Program Files\Java\jdk1.8.0_151\jre\lib\jce.jar;C:\Program Files\Java\jdk1.8.0_151\jre\lib\jfr.jar;C:\Program Files\Java\jdk1.8.0_151\jre\lib\jfxswt.jar;C:\Program Files\Java\jdk1.8.0_151\jre\lib\jsse.jar;C:\Program Files\Java\jdk1.8.0_151\jre\lib\management-agent.jar;C:\Program Files\Java\jdk1.8.0_151\jre\lib\plugin.jar;C:\Program Files\Java\jdk1.8.0_151\jre\lib\resources.jar;C:\Program Files\Java\jdk1.8.0_151\jre\lib\rt.jar;C:\Users\ALEXANDER\Desktop\face recognition\v2\ExoVisix-master\target\classes;C:\Users\ALEXANDER\.m2\repository\org\bytedeco\javacv-platform\1.3.2\javacv-platform-1.3.2.jar;C:\Users\ALEXANDER\.m2\repository\org\bytedeco\javacv\1.3.2\javacv-1.3.2.jar;C:\Users\ALEXANDER\.m2\repository\org\bytedeco\javacpp\1.3.2\javacpp-1.3.2.jar;C:\Users\ALEXANDER\.m2\repository\org\bytedeco\javacpp-presets\opencv\3.2.0-1.3\opencv-3.2.0-1.3.jar;C:\Users\ALEXANDER\.m2\repository\org\bytedeco\javacpp-presets\ffmpeg\3.2.1-1.3\ffmpeg-3.2.1-1.3.jar;C:\Users\ALEXANDER\.m2\repository\org\bytedeco\javacpp-presets\flycapture\2.9.3.43-1.3\flycapture-2.9.3.43-1.3.jar;C:\
Launcher Type: SUN_STANDARD

Environment Variables:
JAVA_HOME=C:\Program Files\Java\jdk1.8.0_151
PATH=C:\ProgramData\Oracle\Java\javapath;C:\WINDOWS\system32;C:\WINDOWS;C:\WINDOWS\System32\Wbem;C:\WINDOWS\System32\WindowsPowerShell\v1.0\;C:\Program Files\Java\jdk1.8.0_151\bin;C:\Program Files\apache-maven-3.5.2\bin;C:\Program Files\nodejs\;C:\Program Files\Git\cmd;C:\Program Files (x86)\MySQL\MySQL Utilities 1.6\;C:\WINDOWS\System32\OpenSSH\;C:\Program Files\TortoiseSVN\bin;C:\Program Files\VisualSVN Server\bin;C:\Program Files\PuTTY\;C:\Users\ALEXANDER\AppData\Local\Microsoft\WindowsApps;C:\Users\ALEXANDER\AppData\Local\Google\Cloud SDK\google-cloud-sdk\bin;C:\Users\ALEXANDER\AppData\Roaming\npm;;C:\Program Files\Docker Toolbox
USERNAME=ALEXANDER
OS=Windows_NT
PROCESSOR_IDENTIFIER=Intel64 Family 6 Model 142 Stepping 9, GenuineIntel



---------------  S Y S T E M  ---------------

OS: Windows 10.0 , 64 bit Build 18362 (10.0.18362.329)

CPU:total 4 (initial active 4) (2 cores per cpu, 2 threads per core) family 6 model 142 stepping 9, cmov, cx8, fxsr, mmx, sse, sse2, sse3, ssse3, sse4.1, sse4.2, popcnt, avx, avx2, aes, clmul, erms, 3dnowpref, lzcnt, ht, tsc, tscinvbit, bmi1, bmi2, adx

Memory: 4k page, physical 4049292k(464960k free), swap 12962188k(2249536k free)

vm_info: Java HotSpot(TM) 64-Bit Server VM (25.151-b12) for windows-amd64 JRE (1.8.0_151-b12), built on Sep  5 2017 19:33:46 by "java_re" with MS VC++ 10.0 (VS2010)

time: Sat Nov 30 19:22:42 2019
elapsed time: 83 seconds (0d 0h 1m 23s)

